\BOOKMARK [1][-]{section.1}{\376\377\173\054\000\040\0001\000\040\172\340\000\040\116\373\122\241\200\314\146\157\116\016\145\160\143\156\226\306}{}% 1
\BOOKMARK [2][-]{subsection.1.1}{\376\377\116\373\122\241\200\314\146\157}{section.1}% 2
\BOOKMARK [2][-]{subsection.1.2}{\376\377\145\160\143\156\226\306\211\304\152\041}{section.1}% 3
\BOOKMARK [2][-]{subsection.1.3}{\376\377\136\246\122\006\136\003\116\016\000\040\000d\000e\000a\000d\000-\000e\000n\000d\000\040\162\171\137\201}{section.1}% 4
\BOOKMARK [2][-]{subsection.1.4}{\376\377\217\336\220\032\140\047\211\302\133\337}{section.1}% 5
\BOOKMARK [2][-]{subsection.1.5}{\376\377\147\054\172\340\134\017\176\323}{section.1}% 6
\BOOKMARK [1][-]{section.2}{\376\377\173\054\000\040\0002\000\040\172\340\000\040\173\227\154\325\123\237\164\006}{}% 7
\BOOKMARK [2][-]{subsection.2.1}{\376\377\000P\000a\000g\000e\000R\000a\000n\000k\000\040\166\204\226\217\147\072\156\070\215\160\211\306\211\322}{section.2}% 8
\BOOKMARK [2][-]{subsection.2.2}{\376\377\000d\000e\000a\000d\000-\000e\000n\000d\000\040\166\204\142\020\126\340\116\016\137\161\124\315}{section.2}% 9
\BOOKMARK [2][-]{subsection.2.3}{\376\377\000s\000p\000i\000d\000e\000r\000-\000t\000r\000a\000p\000\040\166\204\142\020\126\340\116\016\137\161\124\315}{section.2}% 10
\BOOKMARK [2][-]{subsection.2.4}{\376\377\145\066\145\133\140\047\166\204\164\006\213\272\117\235\143\156}{section.2}% 11
\BOOKMARK [2][-]{subsection.2.5}{\376\377\116\072\116\300\116\110\220\011\142\351\000\040\000L\0001\000\040\203\003\145\160\117\134\116\072\120\134\153\142\147\141\116\366}{section.2}% 12
\BOOKMARK [2][-]{subsection.2.6}{\376\377\147\054\172\340\134\017\176\323}{section.2}% 13
\BOOKMARK [1][-]{section.3}{\376\377\173\054\000\040\0003\000\040\172\340\000\040\173\227\154\325\133\236\163\260\176\306\202\202}{}% 14
\BOOKMARK [2][-]{subsection.3.1}{\376\377\140\073\117\123\133\236\163\260\140\035\215\357}{section.3}% 15
\BOOKMARK [2][-]{subsection.3.2}{\376\377\202\202\160\271\177\026\123\367\116\016\000\040\000I\000D\000\040\146\040\134\004\145\271\150\110}{section.3}% 16
\BOOKMARK [2][-]{subsection.3.3}{\376\377\000C\000S\000R\000\040\133\130\120\250\136\003\134\100}{section.3}% 17
\BOOKMARK [2][-]{subsection.3.4}{\376\377\000l\000o\000a\000d\000\137\000g\000r\000a\000p\000h\000\040\166\204\135\345\172\013\133\236\163\260}{section.3}% 18
\BOOKMARK [2][-]{subsection.3.5}{\376\377\136\102\217\355\116\343\116\073\137\252\163\257}{section.3}% 19
\BOOKMARK [2][-]{subsection.3.6}{\376\377\000d\000e\000a\000d\000-\000e\000n\000d\000\040\210\145\120\177\166\204\135\345\172\013\133\236\163\260}{section.3}% 20
\BOOKMARK [2][-]{subsection.3.7}{\376\377\000T\000o\000p\000-\000k\000\040\217\223\121\372\116\016\143\245\123\343\133\371\143\245}{section.3}% 21
\BOOKMARK [2][-]{subsection.3.8}{\376\377\147\054\172\340\134\017\176\323}{section.3}% 22
\BOOKMARK [1][-]{section.4}{\376\377\173\054\000\040\0004\000\040\172\340\000\040\121\205\133\130\117\030\123\026}{}% 23
\BOOKMARK [2][-]{subsection.4.1}{\376\377\225\356\230\230\200\314\146\157}{section.4}% 24
\BOOKMARK [2][-]{subsection.4.2}{\376\377\000C\000S\000R\000\040\166\204\172\172\225\364\117\030\122\277}{section.4}% 25
\BOOKMARK [2][-]{subsection.4.3}{\376\377\122\006\127\127\173\126\165\145\377\032\116\072\116\300\116\110\116\015\146\057\146\156\220\032\122\007\162\107}{section.4}% 26
\BOOKMARK [2][-]{subsection.4.4}{\376\377\000m\000e\000m\000m\000a\000p\000\040\116\016\155\073\122\250\135\345\117\134\226\306\143\247\122\066}{section.4}% 27
\BOOKMARK [2][-]{subsection.4.5}{\376\377\000f\000l\000o\000a\000t\0003\0002\000\040\166\204\220\011\142\351}{section.4}% 28
\BOOKMARK [2][-]{subsection.4.6}{\376\377\133\236\155\113\176\323\147\234\116\016\122\006\147\220}{section.4}% 29
\BOOKMARK [2][-]{subsection.4.7}{\376\377\147\054\172\340\176\323\213\272}{section.4}% 30
\BOOKMARK [1][-]{section.5}{\376\377\173\054\000\040\0005\000\040\172\340\000\040\133\236\232\214\176\323\147\234\116\016\122\006\147\220}{}% 31
\BOOKMARK [2][-]{subsection.5.1}{\376\377\133\236\232\214\213\276\213\241\116\016\145\160\143\156\147\145\156\220}{section.5}% 32
\BOOKMARK [2][-]{subsection.5.2}{\376\377\145\160\143\156\226\306\122\006\147\220\176\323\147\234}{section.5}% 33
\BOOKMARK [2][-]{subsection.5.3}{\376\377\000E\0003\377\032\127\127\145\160\000\040\000K\000\040\133\371\121\205\133\130\116\016\145\366\225\364\166\204\137\161\124\315}{section.5}% 34
\BOOKMARK [2][-]{subsection.5.4}{\376\377\000E\0004\377\032\000C\000S\000R\000\040\116\016\000\040\000C\000S\000R\000+\000B\000l\000o\000c\000k\000\040\133\371\153\324}{section.5}% 35
\BOOKMARK [2][-]{subsection.5.5}{\376\377\000E\0005\377\032\226\073\134\074\174\373\145\160\000\040\000b\000e\000t\000a\000\040\133\371\000\040\000T\000o\000p\000-\0001\0000\000\040\143\222\124\015\166\204\137\161\124\315}{section.5}% 36
\BOOKMARK [2][-]{subsection.5.6}{\376\377\000E\0006\377\032\145\066\145\133\226\010\120\074\000\040\000e\000p\000s\000\040\133\371\176\323\147\234\116\016\217\355\116\343\217\156\145\160\166\204\137\161\124\315}{section.5}% 37
\BOOKMARK [2][-]{subsection.5.7}{\376\377\000E\0007\377\032\000d\000t\000y\000p\000e\000\040\133\371\153\324}{section.5}% 38
\BOOKMARK [2][-]{subsection.5.8}{\376\377\133\236\232\214\176\323\213\272}{section.5}% 39
\BOOKMARK [1][-]{section.6}{\376\377\173\054\000\040\0006\000\040\172\340\000\040\135\345\172\013\133\236\163\260\116\016\220\350\177\162}{}% 40
\BOOKMARK [2][-]{subsection.6.1}{\376\377\135\345\172\013\166\356\150\007}{section.6}% 41
\BOOKMARK [2][-]{subsection.6.2}{\376\377\230\171\166\356\176\323\147\204}{section.6}% 42
\BOOKMARK [2][-]{subsection.6.3}{\376\377\124\175\116\344\210\114\143\245\123\343}{section.6}% 43
\BOOKMARK [2][-]{subsection.6.4}{\376\377\153\143\170\156\140\047\116\016\131\015\163\260}{section.6}% 44
\BOOKMARK [2][-]{subsection.6.5}{\376\377\142\123\123\005\116\016\217\320\210\114}{section.6}% 45
\BOOKMARK [2][-]{subsection.6.6}{\376\377\147\054\172\340\134\017\176\323}{section.6}% 46
\BOOKMARK [1][-]{section.7}{\376\377\173\054\000\040\0007\000\040\172\340\000\040\140\073\176\323\116\016\123\315\140\035}{}% 47
\BOOKMARK [2][-]{subsection.7.1}{\376\377\135\345\117\134\140\073\176\323}{section.7}% 48
\BOOKMARK [2][-]{subsection.7.2}{\376\377\126\342\226\037\122\006\135\345}{section.7}% 49
\BOOKMARK [2][-]{subsection.7.3}{\376\377\176\317\232\214\116\016\123\315\140\035}{section.7}% 50
